\BOOKMARK [0][-]{chapter*.2}{List of Figures}{}% 1
\BOOKMARK [0][-]{section*.3}{Glossary}{}% 2
\BOOKMARK [0][-]{chapter.1}{Appendix}{}% 3
\BOOKMARK [1][-]{section.1.1}{Recommendations for Further Work}{chapter.1}% 4
\BOOKMARK [2][-]{subsection.1.1.1}{Greater Dimensionality and Training Improvements}{section.1.1}% 5
\BOOKMARK [2][-]{subsection.1.1.2}{Greater use of word vectors}{section.1.1}% 6
\BOOKMARK [2][-]{subsection.1.1.3}{Time resolution in clustering}{section.1.1}% 7
\BOOKMARK [2][-]{subsection.1.1.4}{Open Source Chemistry Vectors}{section.1.1}% 8
\BOOKMARK [2][-]{subsection.1.1.5}{Structure stemming}{section.1.1}% 9
\BOOKMARK [2][-]{subsection.1.1.6}{Multiply labelled Documents}{section.1.1}% 10
\BOOKMARK [1][-]{section.1.2}{Technical Details}{chapter.1}% 11
\BOOKMARK [2][-]{subsection.1.2.1}{Code Artefacts}{section.1.2}% 12
\BOOKMARK [2][-]{subsection.1.2.2}{Data Artefacts}{section.1.2}% 13
\BOOKMARK [1][-]{section.1.3}{Word Vecotr Analysis of Chemical Elements}{chapter.1}% 14
\BOOKMARK [1][-]{section.1.4}{Data Acquisition Supplementary Information}{chapter.1}% 15
\BOOKMARK [2][-]{subsection.1.4.1}{Publisher Denial of Service}{section.1.4}% 16
\BOOKMARK [2][-]{subsection.1.4.2}{Some Observations on 1 through 6}{section.1.4}% 17
\BOOKMARK [2][-]{subsection.1.4.3}{UK Departments}{section.1.4}% 18
\BOOKMARK [2][-]{subsection.1.4.4}{Publishers Considered in UK scraping}{section.1.4}% 19
\BOOKMARK [0][-]{chapter*.17}{Bibliography}{}% 20
