This is pdfTeX, Version 3.14159265-2.6-1.40.15 (TeX Live 2014) (preloaded format=pdflatex 2014.10.14)  10 MAR 2016 21:59
entering extended mode
 restricted \write18 enabled.
 %&-line parsing enabled.
**Dissertation.tex
(./Dissertation.tex
LaTeX2e <2014/05/01>
Babel <3.9k> and hyphenation patterns for 78 languages loaded.
(/usr/local/texlive/2014/texmf-dist/tex/latex/base/report.cls
Document Class: report 2007/10/19 v1.4h Standard LaTeX document class
(/usr/local/texlive/2014/texmf-dist/tex/latex/base/size11.clo
File: size11.clo 2007/10/19 v1.4h Standard LaTeX file (size option)
)
\c@part=\count79
\c@chapter=\count80
\c@section=\count81
\c@subsection=\count82
\c@subsubsection=\count83
\c@paragraph=\count84
\c@subparagraph=\count85
\c@figure=\count86
\c@table=\count87
\abovecaptionskip=\skip41
\belowcaptionskip=\skip42
\bibindent=\dimen102
)
(/usr/local/texlive/2014/texmf-dist/tex/latex/geometry/geometry.sty
Package: geometry 2010/09/12 v5.6 Page Geometry

(/usr/local/texlive/2014/texmf-dist/tex/latex/graphics/keyval.sty
Package: keyval 2014/05/08 v1.15 key=value parser (DPC)
\KV@toks@=\toks14
)
(/usr/local/texlive/2014/texmf-dist/tex/generic/oberdiek/ifpdf.sty
Package: ifpdf 2011/01/30 v2.3 Provides the ifpdf switch (HO)
Package ifpdf Info: pdfTeX in PDF mode is detected.
)
(/usr/local/texlive/2014/texmf-dist/tex/generic/oberdiek/ifvtex.sty
Package: ifvtex 2010/03/01 v1.5 Detect VTeX and its facilities (HO)
Package ifvtex Info: VTeX not detected.
)
(/usr/local/texlive/2014/texmf-dist/tex/generic/ifxetex/ifxetex.sty
Package: ifxetex 2010/09/12 v0.6 Provides ifxetex conditional
)
\Gm@cnth=\count88
\Gm@cntv=\count89
\c@Gm@tempcnt=\count90
\Gm@bindingoffset=\dimen103
\Gm@wd@mp=\dimen104
\Gm@odd@mp=\dimen105
\Gm@even@mp=\dimen106
\Gm@layoutwidth=\dimen107
\Gm@layoutheight=\dimen108
\Gm@layouthoffset=\dimen109
\Gm@layoutvoffset=\dimen110
\Gm@dimlist=\toks15
)
(/usr/local/texlive/2014/texmf-dist/tex/latex/parskip/parskip.sty
Package: parskip 2001/04/09 non-zero parskip adjustments
)
(/usr/local/texlive/2014/texmf-dist/tex/latex/graphics/graphicx.sty
Package: graphicx 2014/04/25 v1.0g Enhanced LaTeX Graphics (DPC,SPQR)

(/usr/local/texlive/2014/texmf-dist/tex/latex/graphics/graphics.sty
Package: graphics 2009/02/05 v1.0o Standard LaTeX Graphics (DPC,SPQR)

(/usr/local/texlive/2014/texmf-dist/tex/latex/graphics/trig.sty
Package: trig 1999/03/16 v1.09 sin cos tan (DPC)
)
(/usr/local/texlive/2014/texmf-dist/tex/latex/latexconfig/graphics.cfg
File: graphics.cfg 2010/04/23 v1.9 graphics configuration of TeX Live
)
Package graphics Info: Driver file: pdftex.def on input line 91.

(/usr/local/texlive/2014/texmf-dist/tex/latex/pdftex-def/pdftex.def
File: pdftex.def 2011/05/27 v0.06d Graphics/color for pdfTeX

(/usr/local/texlive/2014/texmf-dist/tex/generic/oberdiek/infwarerr.sty
Package: infwarerr 2010/04/08 v1.3 Providing info/warning/error messages (HO)
)
(/usr/local/texlive/2014/texmf-dist/tex/generic/oberdiek/ltxcmds.sty
Package: ltxcmds 2011/11/09 v1.22 LaTeX kernel commands for general use (HO)
)
\Gread@gobject=\count91
))
\Gin@req@height=\dimen111
\Gin@req@width=\dimen112
)
(/usr/local/texlive/2014/texmf-dist/tex/latex/enumitem/enumitem.sty
Package: enumitem 2011/09/28 v3.5.2 Customized lists
\labelindent=\skip43
\enit@outerparindent=\dimen113
\enit@toks=\toks16
\enit@inbox=\box26
\enitdp@description=\count92
)
(/usr/local/texlive/2014/texmf-dist/tex/latex/subfiles/subfiles.sty
Package: subfiles 2012/05/23 Federico Garcia

(/usr/local/texlive/2014/texmf-dist/tex/latex/tools/verbatim.sty
Package: verbatim 2003/08/22 v1.5q LaTeX2e package for verbatim enhancements
\every@verbatim=\toks17
\verbatim@line=\toks18
\verbatim@in@stream=\read1
))
(/usr/local/texlive/2014/texmf-dist/tex/latex/multirow/multirow.sty
\bigstrutjot=\dimen114
)
(/usr/local/texlive/2014/texmf-dist/tex/latex/amsfonts/amssymb.sty
Package: amssymb 2013/01/14 v3.01 AMS font symbols

(/usr/local/texlive/2014/texmf-dist/tex/latex/amsfonts/amsfonts.sty
Package: amsfonts 2013/01/14 v3.01 Basic AMSFonts support
\@emptytoks=\toks19
\symAMSa=\mathgroup4
\symAMSb=\mathgroup5
LaTeX Font Info:    Overwriting math alphabet `\mathfrak' in version `bold'
(Font)                  U/euf/m/n --> U/euf/b/n on input line 106.
))
(/usr/local/texlive/2014/texmf-dist/tex/latex/float/float.sty
Package: float 2001/11/08 v1.3d Float enhancements (AL)
\c@float@type=\count93
\float@exts=\toks20
\float@box=\box27
\@float@everytoks=\toks21
\@floatcapt=\box28
)
(/usr/local/texlive/2014/texmf-dist/tex/latex/tocbibind/tocbibind.sty
Package: tocbibind 2010/10/13 v1.5k extra ToC listings
Package tocbibind Info: The document has chapter divisions on input line 50.


Package tocbibind Note: Using chapter style headings, unless overridden.

) (/usr/local/texlive/2014/texmf-dist/tex/latex/hyperref/hyperref.sty
Package: hyperref 2012/11/06 v6.83m Hypertext links for LaTeX

(/usr/local/texlive/2014/texmf-dist/tex/generic/oberdiek/hobsub-hyperref.sty
Package: hobsub-hyperref 2012/05/28 v1.13 Bundle oberdiek, subset hyperref (HO)


(/usr/local/texlive/2014/texmf-dist/tex/generic/oberdiek/hobsub-generic.sty
Package: hobsub-generic 2012/05/28 v1.13 Bundle oberdiek, subset generic (HO)
Package: hobsub 2012/05/28 v1.13 Construct package bundles (HO)
Package hobsub Info: Skipping package `infwarerr' (already loaded).
Package hobsub Info: Skipping package `ltxcmds' (already loaded).
Package: ifluatex 2010/03/01 v1.3 Provides the ifluatex switch (HO)
Package ifluatex Info: LuaTeX not detected.
Package hobsub Info: Skipping package `ifvtex' (already loaded).
Package: intcalc 2007/09/27 v1.1 Expandable calculations with integers (HO)
Package hobsub Info: Skipping package `ifpdf' (already loaded).
Package: etexcmds 2011/02/16 v1.5 Avoid name clashes with e-TeX commands (HO)
Package etexcmds Info: Could not find \expanded.
(etexcmds)             That can mean that you are not using pdfTeX 1.50 or
(etexcmds)             that some package has redefined \expanded.
(etexcmds)             In the latter case, load this package earlier.
Package: kvsetkeys 2012/04/25 v1.16 Key value parser (HO)
Package: kvdefinekeys 2011/04/07 v1.3 Define keys (HO)
Package: pdftexcmds 2011/11/29 v0.20 Utility functions of pdfTeX for LuaTeX (HO
)
Package pdftexcmds Info: LuaTeX not detected.
Package pdftexcmds Info: \pdf@primitive is available.
Package pdftexcmds Info: \pdf@ifprimitive is available.
Package pdftexcmds Info: \pdfdraftmode found.
Package: pdfescape 2011/11/25 v1.13 Implements pdfTeX's escape features (HO)
Package: bigintcalc 2012/04/08 v1.3 Expandable calculations on big integers (HO
)
Package: bitset 2011/01/30 v1.1 Handle bit-vector datatype (HO)
Package: uniquecounter 2011/01/30 v1.2 Provide unlimited unique counter (HO)
)
Package hobsub Info: Skipping package `hobsub' (already loaded).
Package: letltxmacro 2010/09/02 v1.4 Let assignment for LaTeX macros (HO)
Package: hopatch 2012/05/28 v1.2 Wrapper for package hooks (HO)
Package: xcolor-patch 2011/01/30 xcolor patch
Package: atveryend 2011/06/30 v1.8 Hooks at the very end of document (HO)
Package atveryend Info: \enddocument detected (standard20110627).
Package: atbegshi 2011/10/05 v1.16 At begin shipout hook (HO)
Package: refcount 2011/10/16 v3.4 Data extraction from label references (HO)
Package: hycolor 2011/01/30 v1.7 Color options for hyperref/bookmark (HO)
)
(/usr/local/texlive/2014/texmf-dist/tex/latex/oberdiek/auxhook.sty
Package: auxhook 2011/03/04 v1.3 Hooks for auxiliary files (HO)
)
(/usr/local/texlive/2014/texmf-dist/tex/latex/oberdiek/kvoptions.sty
Package: kvoptions 2011/06/30 v3.11 Key value format for package options (HO)
)
\@linkdim=\dimen115
\Hy@linkcounter=\count94
\Hy@pagecounter=\count95

(/usr/local/texlive/2014/texmf-dist/tex/latex/hyperref/pd1enc.def
File: pd1enc.def 2012/11/06 v6.83m Hyperref: PDFDocEncoding definition (HO)
)
\Hy@SavedSpaceFactor=\count96

(/usr/local/texlive/2014/texmf-dist/tex/latex/latexconfig/hyperref.cfg
File: hyperref.cfg 2002/06/06 v1.2 hyperref configuration of TeXLive
)
Package hyperref Info: Hyper figures OFF on input line 4443.
Package hyperref Info: Link nesting OFF on input line 4448.
Package hyperref Info: Hyper index ON on input line 4451.
Package hyperref Info: Plain pages OFF on input line 4458.
Package hyperref Info: Backreferencing OFF on input line 4463.
Package hyperref Info: Implicit mode ON; LaTeX internals redefined.
Package hyperref Info: Bookmarks ON on input line 4688.
\c@Hy@tempcnt=\count97

(/usr/local/texlive/2014/texmf-dist/tex/latex/url/url.sty
\Urlmuskip=\muskip10
Package: url 2013/09/16  ver 3.4  Verb mode for urls, etc.
)
LaTeX Info: Redefining \url on input line 5041.
\XeTeXLinkMargin=\dimen116
\Fld@menulength=\count98
\Field@Width=\dimen117
\Fld@charsize=\dimen118
Package hyperref Info: Hyper figures OFF on input line 6295.
Package hyperref Info: Link nesting OFF on input line 6300.
Package hyperref Info: Hyper index ON on input line 6303.
Package hyperref Info: backreferencing OFF on input line 6310.
Package hyperref Info: Link coloring OFF on input line 6315.
Package hyperref Info: Link coloring with OCG OFF on input line 6320.
Package hyperref Info: PDF/A mode OFF on input line 6325.
LaTeX Info: Redefining \ref on input line 6365.
LaTeX Info: Redefining \pageref on input line 6369.
\Hy@abspage=\count99
\c@Item=\count100
\c@Hfootnote=\count101
)

Package hyperref Message: Driver (autodetected): hpdftex.

(/usr/local/texlive/2014/texmf-dist/tex/latex/hyperref/hpdftex.def
File: hpdftex.def 2012/11/06 v6.83m Hyperref driver for pdfTeX
\Fld@listcount=\count102
\c@bookmark@seq@number=\count103

(/usr/local/texlive/2014/texmf-dist/tex/latex/oberdiek/rerunfilecheck.sty
Package: rerunfilecheck 2011/04/15 v1.7 Rerun checks for auxiliary files (HO)
Package uniquecounter Info: New unique counter `rerunfilecheck' on input line 2
82.
)
\Hy@SectionHShift=\skip44
)
(/usr/local/texlive/2014/texmf-dist/tex/latex/natbib/natbib.sty
Package: natbib 2010/09/13 8.31b (PWD, AO)
\bibhang=\skip45
\bibsep=\skip46
LaTeX Info: Redefining \cite on input line 694.
\c@NAT@ctr=\count104
)
(/usr/local/texlive/2014/texmf-dist/tex/latex/tools/hhline.sty
Package: hhline 1994/05/23 v2.03 Table rule package (DPC)
)
(./Dissertation.aux)
\openout1 = `Dissertation.aux'.

LaTeX Font Info:    Checking defaults for OML/cmm/m/it on input line 35.
LaTeX Font Info:    ... okay on input line 35.
LaTeX Font Info:    Checking defaults for T1/cmr/m/n on input line 35.
LaTeX Font Info:    ... okay on input line 35.
LaTeX Font Info:    Checking defaults for OT1/cmr/m/n on input line 35.
LaTeX Font Info:    ... okay on input line 35.
LaTeX Font Info:    Checking defaults for OMS/cmsy/m/n on input line 35.
LaTeX Font Info:    ... okay on input line 35.
LaTeX Font Info:    Checking defaults for OMX/cmex/m/n on input line 35.
LaTeX Font Info:    ... okay on input line 35.
LaTeX Font Info:    Checking defaults for U/cmr/m/n on input line 35.
LaTeX Font Info:    ... okay on input line 35.
LaTeX Font Info:    Checking defaults for PD1/pdf/m/n on input line 35.
LaTeX Font Info:    ... okay on input line 35.

*geometry* driver: auto-detecting
*geometry* detected driver: pdftex
*geometry* verbose mode - [ preamble ] result:
* driver: pdftex
* paper: a4paper
* layout: <same size as paper>
* layoutoffset:(h,v)=(0.0pt,0.0pt)
* modes: 
* h-part:(L,W,R)=(89.62709pt, 418.25368pt, 89.6271pt)
* v-part:(T,H,B)=(101.40665pt, 591.5302pt, 152.11pt)
* \paperwidth=597.50787pt
* \paperheight=845.04684pt
* \textwidth=418.25368pt
* \textheight=591.5302pt
* \oddsidemargin=17.3571pt
* \evensidemargin=17.3571pt
* \topmargin=-7.86334pt
* \headheight=12.0pt
* \headsep=25.0pt
* \topskip=11.0pt
* \footskip=30.0pt
* \marginparwidth=59.0pt
* \marginparsep=10.0pt
* \columnsep=10.0pt
* \skip\footins=10.0pt plus 4.0pt minus 2.0pt
* \hoffset=0.0pt
* \voffset=0.0pt
* \mag=1000
* \@twocolumnfalse
* \@twosidefalse
* \@mparswitchfalse
* \@reversemarginfalse
* (1in=72.27pt=25.4mm, 1cm=28.453pt)

(/usr/local/texlive/2014/texmf-dist/tex/context/base/supp-pdf.mkii
[Loading MPS to PDF converter (version 2006.09.02).]
\scratchcounter=\count105
\scratchdimen=\dimen119
\scratchbox=\box29
\nofMPsegments=\count106
\nofMParguments=\count107
\everyMPshowfont=\toks22
\MPscratchCnt=\count108
\MPscratchDim=\dimen120
\MPnumerator=\count109
\makeMPintoPDFobject=\count110
\everyMPtoPDFconversion=\toks23
) (/usr/local/texlive/2014/texmf-dist/tex/latex/oberdiek/epstopdf-base.sty
Package: epstopdf-base 2010/02/09 v2.5 Base part for package epstopdf

(/usr/local/texlive/2014/texmf-dist/tex/latex/oberdiek/grfext.sty
Package: grfext 2010/08/19 v1.1 Manage graphics extensions (HO)
)
Package grfext Info: Graphics extension search list:
(grfext)             [.png,.pdf,.jpg,.mps,.jpeg,.jbig2,.jb2,.PNG,.PDF,.JPG,.JPE
G,.JBIG2,.JB2,.eps]
(grfext)             \AppendGraphicsExtensions on input line 452.

(/usr/local/texlive/2014/texmf-dist/tex/latex/latexconfig/epstopdf-sys.cfg
File: epstopdf-sys.cfg 2010/07/13 v1.3 Configuration of (r)epstopdf for TeX Liv
e
))
\AtBeginShipoutBox=\box30
Package hyperref Info: Link coloring OFF on input line 35.

(/usr/local/texlive/2014/texmf-dist/tex/latex/hyperref/nameref.sty
Package: nameref 2012/10/27 v2.43 Cross-referencing by name of section

(/usr/local/texlive/2014/texmf-dist/tex/generic/oberdiek/gettitlestring.sty
Package: gettitlestring 2010/12/03 v1.4 Cleanup title references (HO)
)
\c@section@level=\count111
)
LaTeX Info: Redefining \ref on input line 35.
LaTeX Info: Redefining \pageref on input line 35.
LaTeX Info: Redefining \nameref on input line 35.

(./Dissertation.out) (./Dissertation.out)
\@outlinefile=\write3
\openout3 = `Dissertation.out'.

LaTeX Font Info:    Try loading font information for U+msa on input line 37.

(/usr/local/texlive/2014/texmf-dist/tex/latex/amsfonts/umsa.fd
File: umsa.fd 2013/01/14 v3.01 AMS symbols A
)
LaTeX Font Info:    Try loading font information for U+msb on input line 37.

(/usr/local/texlive/2014/texmf-dist/tex/latex/amsfonts/umsb.fd
File: umsb.fd 2013/01/14 v3.01 AMS symbols B
) [1

{/usr/local/texlive/2014/texmf-var/fonts/map/pdftex/updmap/pdftex.map}]
(./Abstract/Abstract.tex)pdfTeX warning (ext4): destination with the same ident
ifier (name{page.1}) has been already used, duplicate ignored
<to be read again> 
                   \relax 
l.39 \end{abstract}
                    [1] (./Dissertation.toc)
\tf@toc=\write4
\openout4 = `Dissertation.toc'.

pdfTeX warning (ext4): destination with the same identifier (name{page.1}) has 
been already used, duplicate ignored
<to be read again> 
                   \relax 
l.41 \listoffigures
                    [1

] (./Dissertation.lof)
\tf@lof=\write5
\openout5 = `Dissertation.lof'.

 (./Introduction/Introduction.tex
[2

]
Chapter 1.
Missing character: There is no ‚ in font cmr10!
Missing character: There is no Ä in font cmr10!
Missing character: There is no ô in font cmr10!
Missing character: There is no ‚ in font cmr10!
Missing character: There is no Ä in font cmr10!
Missing character: There is no ô in font cmr10!
Missing character: There is no Ô in font cmr10!
Missing character: There is no ø in font cmr10!
Missing character: There is no º in font cmr10!
Missing character: There is no ‚ in font cmr10!
Missing character: There is no Ä in font cmr10!
Missing character: There is no ô in font cmr10!
Missing character: There is no ‚ in font cmr10!
Missing character: There is no Ä in font cmr10!
Missing character: There is no ú in font cmr10!
Missing character: There is no ‚ in font cmr10!
Missing character: There is no Ä in font cmr10!
Missing character: There is no ù in font cmr10!
LaTeX Font Info:    Try loading font information for OMS+cmr on input line 9.
(/usr/local/texlive/2014/texmf-dist/tex/latex/base/omscmr.fd
File: omscmr.fd 1999/05/25 v2.5h Standard LaTeX font definitions
)
LaTeX Font Info:    Font shape `OMS/cmr/m/n' in size <10.95> not available
(Font)              Font shape `OMS/cmsy/m/n' tried instead on input line 9.
 [3

])
(./Data_Acquisition/Data_Acquisition.tex [4]
Chapter 2.

LaTeX Warning: Reference `fig:HTMLTREE' on page 5 undefined on input line 8.

<Data_Acquisition/html_tree.pdf, id=108, 690.58pt x 263.98625pt>
File: Data_Acquisition/html_tree.pdf Graphic file (type pdf)

<use Data_Acquisition/html_tree.pdf>
Package pdftex.def Info: Data_Acquisition/html_tree.pdf used on input line 12.
(pdftex.def)             Requested size: 483.4027pt x 184.78911pt.

Overfull \hbox (65.14902pt too wide) in paragraph at lines 12--13
 [][] 
 []

[5

 <./Data_Acquisition/html_tree.pdf>]
Underfull \hbox (badness 10000) in paragraph at lines 29--30
[]\OT1/cmtt/m/n/10.95 Consider two nodes similar if pairwise similarity is abov
e a
 []


Underfull \hbox (badness 10000) in paragraph at lines 32--33
[]\OT1/cmtt/m/n/10.95 If proportion calculated in (c) is above a heuristic thre
shold,
 []


Underfull \hbox (badness 10000) in paragraph at lines 32--33
\OT1/cmtt/m/n/10.95 this node represents a store of information, and the xpath 
has
 []


Underfull \hbox (badness 10000) in paragraph at lines 32--33
\OT1/cmtt/m/n/10.95 been found. Otherwise, move to child node with highest # of

 []


LaTeX Warning: Reference `sec:DOI' on page 6 undefined on input line 38.


LaTeX Warning: Reference `sec:SCRAPINGPROGRAM' on page 6 undefined on input lin
e 38.

[6]

Package natbib Warning: Citation `CROSSREF-FORMATION' on page 7 undefined on in
put line 41.


LaTeX Warning: Reference `fig:DOI' on page 7 undefined on input line 41.

<Data_Acquisition/DOI2.png, id=134, 1987.425pt x 885.3075pt>
File: Data_Acquisition/DOI2.png Graphic file (type png)

<use Data_Acquisition/DOI2.png>
Package pdftex.def Info: Data_Acquisition/DOI2.png used on input line 45.
(pdftex.def)             Requested size: 298.10089pt x 132.79039pt.

Overfull \hbox (7.33435pt too wide) in paragraph at lines 41--47
\OT1/cmr/m/n/10.95 sued by Cross-ref.[][][] \OT1/cmr/bx/n/10.95 ?\OT1/cmr/m/n/1
0.95 . By pre-pending a DOI string with the url stub \OT1/cmtt/m/n/10.95 http:/
/dx.doi.org/\OT1/cmr/m/n/10.95 ,
 []

Missing character: There is no ‚ in font cmr10!
Missing character: There is no Ä in font cmr10!
Missing character: There is no ò in font cmr10!
Missing character: There is no ‚ in font cmr10!
Missing character: There is no Ä in font cmr10!
Missing character: There is no ô in font cmr10!
Missing character: There is no ‚ in font cmr10!
Missing character: There is no Ä in font cmr10!
Missing character: There is no ò in font cmr10!
Missing character: There is no ‚ in font cmr10!
Missing character: There is no Ä in font cmr10!
Missing character: There is no ô in font cmr10!
Missing character: There is no ‚ in font cmr10!
Missing character: There is no Ä in font cmr10!
Missing character: There is no ò in font cmr10!
Missing character: There is no ‚ in font cmr10!
Missing character: There is no Ä in font cmr10!
Missing character: There is no ô in font cmr10!

LaTeX Warning: Reference `fig:REGEX' on page 7 undefined on input line 51.

<Data_Acquisition/Regex.pdf, id=136, 637.38126pt x 262.9825pt>
File: Data_Acquisition/Regex.pdf Graphic file (type pdf)

<use Data_Acquisition/Regex.pdf>
Package pdftex.def Info: Data_Acquisition/Regex.pdf used on input line 55.
(pdftex.def)             Requested size: 318.68985pt x 131.49092pt.
 [7 <./Data_Acquisition/DOI2.png>]
LaTeX Font Info:    Try loading font information for OMS+cmtt on input line 62.

LaTeX Font Info:    No file OMScmtt.fd. on input line 62.


LaTeX Font Warning: Font shape `OMS/cmtt/m/n' undefined
(Font)              using `OMS/cmsy/m/n' instead
(Font)              for symbol `textbraceleft' on input line 62.


LaTeX Warning: Reference `fig:Cherry' on page 8 undefined on input line 65.

<Data_Acquisition/Cherry.pdf, id=149, 897.3525pt x 352.31625pt>
File: Data_Acquisition/Cherry.pdf Graphic file (type pdf)

<use Data_Acquisition/Cherry.pdf>
Package pdftex.def Info: Data_Acquisition/Cherry.pdf used on input line 69.
(pdftex.def)             Requested size: 448.67514pt x 176.15768pt.

Overfull \hbox (30.42146pt too wide) in paragraph at lines 69--70
 [][] 
 []


LaTeX Warning: Reference `sec:DOI' on page 8 undefined on input line 70.


LaTeX Warning: Reference `sec:DOI' on page 8 undefined on input line 70.

[8 <./Data_Acquisition/Regex.pdf>]

LaTeX Warning: Reference `fig:Cherry' on page 9 undefined on input line 73.


LaTeX Warning: Reference `sec:UKSCRAPE' on page 9 undefined on input line 91.


LaTeX Warning: Reference ` sec:CROSSREFSCRAPE' on page 9 undefined on input lin
e 91.


LaTeX Warning: Reference `sec:SCRAPING_PROGRAM' on page 9 undefined on input li
ne 95.


LaTeX Warning: Reference `fig:UKSANK' on page 9 undefined on input line 118.

[9 <./Data_Acquisition/Cherry.pdf>]
<Data_Acquisition/uk_sankey.png, id=247, 6825.5pt x 2409.0pt>
File: Data_Acquisition/uk_sankey.png Graphic file (type png)

<use Data_Acquisition/uk_sankey.png>
Package pdftex.def Info: Data_Acquisition/uk_sankey.png used on input line 123.

(pdftex.def)             Requested size: 477.83383pt x 168.64723pt.

Overfull \hbox (59.58015pt too wide) in paragraph at lines 123--124
 [][] 
 []

[10] [11 <./Data_Acquisition/uk_sankey.png>]

LaTeX Warning: Reference `sec:SCRAPEANALYSIS' on page 12 undefined on input lin
e 138.

<Data_Acquisition/ACS_crash_line.png, id=268, 696.6828pt x 394.5942pt>
File: Data_Acquisition/ACS_crash_line.png Graphic file (type png)

<use Data_Acquisition/ACS_crash_line.png>
Package pdftex.def Info: Data_Acquisition/ACS_crash_line.png used on input line
 150.
(pdftex.def)             Requested size: 557.34698pt x 315.67577pt.

Overfull \hbox (139.0933pt too wide) in paragraph at lines 150--151
 [][] 
 []

[12]

LaTeX Warning: Reference `fig:ACSBAN' on page 13 undefined on input line 154.


LaTeX Warning: Reference `sec:LARGESCRAPERES' on page 13 undefined on input lin
e 156.


LaTeX Warning: Reference `sec:UKSCRAPE' on page 13 undefined on input line 178.



LaTeX Warning: Reference `fig:LARGESANK' on page 13 undefined on input line 178
.

<Data_Acquisition/large_sankey.png, id=274, 6825.5pt x 2409.0pt>
File: Data_Acquisition/large_sankey.png Graphic file (type png)

<use Data_Acquisition/large_sankey.png>
Package pdftex.def Info: Data_Acquisition/large_sankey.png used on input line 1
82.
(pdftex.def)             Requested size: 477.83383pt x 168.64723pt.

Overfull \hbox (59.58015pt too wide) in paragraph at lines 182--183
 [][] 
 []


LaTeX Warning: `!h' float specifier changed to `!ht'.

[13 <./Data_Acquisition/ACS_crash_line.png>]

LaTeX Warning: Reference `chapt:ALGORITHM' on page 14 undefined on input line 1
87.


LaTeX Warning: Reference `fig:DATABASES' on page 14 undefined on input line 187
.

<Data_Acquisition/Databases.pdf, id=283, 484.81125pt x 288.07625pt>
File: Data_Acquisition/Databases.pdf Graphic file (type pdf)

<use Data_Acquisition/Databases.pdf>
Package pdftex.def Info: Data_Acquisition/Databases.pdf used on input line 191.

(pdftex.def)             Requested size: 290.88899pt x 172.84708pt.
 [14 <./Data_Acquisition/large_sankey.png>]

LaTeX Warning: Reference `fig:PUBPI' on page 15 undefined on input line 200.

<Data_Acquisition/publishers_pie.png, id=293, 1148.29pt x 496.85625pt>
File: Data_Acquisition/publishers_pie.png Graphic file (type png)

<use Data_Acquisition/publishers_pie.png>
Package pdftex.def Info: Data_Acquisition/publishers_pie.png used on input line
 204.
(pdftex.def)             Requested size: 459.30786pt x 198.73897pt.

Overfull \hbox (41.05418pt too wide) in paragraph at lines 204--205
 [][] 
 []

[15 <./Data_Acquisition/Databases.pdf>]

LaTeX Warning: Reference `UKPUBPI' on page 16 undefined on input line 208.

<Data_Acquisition/uk_publishers_pie.png, id=328, 1009.7725pt x 470.75874pt>
File: Data_Acquisition/uk_publishers_pie.png Graphic file (type png)

<use Data_Acquisition/uk_publishers_pie.png>
Package pdftex.def Info: Data_Acquisition/uk_publishers_pie.png used on input l
ine 213.
(pdftex.def)             Requested size: 403.90184pt x 188.30016pt.
 [16 <./Data_Acquisition/publishers_pie.png>]

LaTeX Warning: Reference `fig:ZIPF' on page 17 undefined on input line 218.

<Data_Acquisition/zipf.png, id=338, 513.8397pt x 359.9046pt>
File: Data_Acquisition/zipf.png Graphic file (type png)

<use Data_Acquisition/zipf.png>
Package pdftex.def Info: Data_Acquisition/zipf.png used on input line 222.
(pdftex.def)             Requested size: 205.53224pt x 143.95929pt.


LaTeX Warning: `!h' float specifier changed to `!ht'.

) (./Natural_Language_Processing/Natural_Language_Processing.tex [17 <./Data_Ac
quisition/uk_publishers_pie.png> <./Data_Acquisition/zipf.png>] [18]
Chapter 3.

LaTeX Warning: Reference `tab:BAGOFWORDS' on page 19 undefined on input line 31
.

[19

]

Package natbib Warning: Citation `WORD2VECKINGQUEEN' on page 20 undefined on in
put line 36.


Package natbib Warning: Citation `olddistributed' on page 20 undefined on input
 line 36.


<Natural_Language_Processing/cbow_v_skip.pdf, id=367, 616.3025pt x 288.07625pt>
File: Natural_Language_Processing/cbow_v_skip.pdf Graphic file (type pdf)
<use Natural_Language_Processing/cbow_v_skip.pdf>
Package pdftex.def Info: Natural_Language_Processing/cbow_v_skip.pdf used on in
put line 45.
(pdftex.def)             Requested size: 493.04266pt x 230.4613pt.

Overfull \hbox (74.78899pt too wide) in paragraph at lines 45--46
 [][] 
 []

[20]

LaTeX Warning: Reference `fig:CBOWSKIP' on page 21 undefined on input line 50.

<Natural_Language_Processing/KINGQUEEN.png, id=376, 268.3626pt x 247.6452pt>
File: Natural_Language_Processing/KINGQUEEN.png Graphic file (type png)

<use Natural_Language_Processing/KINGQUEEN.png>
Package pdftex.def Info: Natural_Language_Processing/KINGQUEEN.png used on inpu
t line 56.
(pdftex.def)             Requested size: 161.0188pt x 148.58826pt.
Missing character: There is no ‚ in font cmr10!
Missing character: There is no Ä in font cmr10!
Missing character: There is no ò in font cmr10!
Missing character: There is no ‚ in font cmr10!
Missing character: There is no Ä in font cmr10!
Missing character: There is no ô in font cmr10!
Missing character: There is no ‚ in font cmr10!
Missing character: There is no Ä in font cmr10!
Missing character: There is no ò in font cmr10!
Missing character: There is no ‚ in font cmr10!
Missing character: There is no Ä in font cmr10!
Missing character: There is no ô in font cmr10!
Missing character: There is no ‚ in font cmr10!
Missing character: There is no Ä in font cmr10!
Missing character: There is no ò in font cmr10!
Missing character: There is no ‚ in font cmr10!
Missing character: There is no Ä in font cmr10!
Missing character: There is no ô in font cmr10!
Missing character: There is no ‚ in font cmr10!
Missing character: There is no Ä in font cmr10!
Missing character: There is no ò in font cmr10!
Missing character: There is no ‚ in font cmr10!
Missing character: There is no Ä in font cmr10!
Missing character: There is no ô in font cmr10!
Missing character: There is no ‚ in font cmr10!
Missing character: There is no Ä in font cmr10!
Missing character: There is no ò in font cmr10!
Missing character: There is no ‚ in font cmr10!
Missing character: There is no Ä in font cmr10!
Missing character: There is no ô in font cmr10!
Missing character: There is no ‚ in font cmr10!
Missing character: There is no Ä in font cmr10!
Missing character: There is no ò in font cmr10!
Missing character: There is no ‚ in font cmr10!
Missing character: There is no Ä in font cmr10!
Missing character: There is no ô in font cmr10!
Missing character: There is no ‚ in font cmr10!
Missing character: There is no Ä in font cmr10!
Missing character: There is no ò in font cmr10!
Missing character: There is no ‚ in font cmr10!
Missing character: There is no Ä in font cmr10!
Missing character: There is no ô in font cmr10!
Missing character: There is no ‚ in font cmr10!
Missing character: There is no Ä in font cmr10!
Missing character: There is no ò in font cmr10!
Missing character: There is no ‚ in font cmr10!
Missing character: There is no Ä in font cmr10!
Missing character: There is no ô in font cmr10!
 [21 <./Natural_Language_Processing/cbow_v_skip.pdf>]

LaTeX Warning: Reference `fig:KingQueen' on page 22 undefined on input line 60.



LaTeX Warning: Reference `sec:DATA_ACQUISITION' on page 22 undefined on input l
ine 65.

) (./Algorithm/Algorithm.tex [22 <./Natural_Language_Processing/KINGQUEEN.png>]
Chapter 4.

LaTeX Warning: Reference `chapt:DATA_ACQUISITION' on page 23 undefined on input
 line 4.


LaTeX Warning: Reference `fig:punct' on page 23 undefined on input line 12.

<Algorithm/punct_table.png, id=407, 851.18pt x 741.77126pt>
File: Algorithm/punct_table.png Graphic file (type png)

<use Algorithm/punct_table.png>
Package pdftex.def Info: Algorithm/punct_table.png used on input line 17.
(pdftex.def)             Requested size: 170.23297pt x 148.35162pt.
 [23

]

LaTeX Warning: Reference `sec:CORPUSOBSERVATIONS' on page 24 undefined on input
 line 23.


LaTeX Warning: Reference `tab:CHEMSTOP' on page 24 undefined on input line 23.


Package natbib Warning: Citation `porter' on page 24 undefined on input line 45
.


Package natbib Warning: Citation `snowball' on page 24 undefined on input line 
45.


Package natbib Warning: Citation `nltk' on page 24 undefined on input line 45.


LaTeX Warning: Reference `tab:stems' on page 24 undefined on input line 45.


Overfull \hbox (174.67693pt too wide) in paragraph at lines 49--77
 [] 
 []


LaTeX Warning: Reference `fig:SANPIPE' on page 24 undefined on input line 79.

[24 <./Algorithm/punct_table.png>]
<Algorithm/Data_Sanitation.pdf, id=439, 826.08624pt x 314.17375pt>
File: Algorithm/Data_Sanitation.pdf Graphic file (type pdf)

<use Algorithm/Data_Sanitation.pdf>
Package pdftex.def Info: Algorithm/Data_Sanitation.pdf used on input line 84.
(pdftex.def)             Requested size: 165.21431pt x 62.83363pt.

Overfull \hbox (135.29364pt too wide) in paragraph at lines 90--93
[]$\OML/cmm/m/it/10.95 <$ \OT1/cmr/m/n/10.95 p $\OML/cmm/m/it/10.95 >$  \OT1/cm
tt/m/n/10.95 n A 9-silafluorene-containing biphenolic monomer, 9,9-bis(4-hydrox
yphenyl)-9-silafluorene,
 []


Overfull \hbox (18.64659pt too wide) in paragraph at lines 90--93
\OT1/cmtt/m/n/10.95 was prepared from 9,9-dichloro-9-silafluorene and employed 
for the synthesis
 []

[25 <./Algorithm/Data_Sanitation.pdf>]
Overfull \hbox (64.6361pt too wide) in paragraph at lines 96--97
[]\OT1/cmtt/m/n/10.95 silafluoren biphenol monom bis hydroxyphenyl silafluoren 
prepar dichloro silafluoren
 []


LaTeX Warning: Reference `tab:hyperparams' on page 26 undefined on input line 1
02.

[26]
Overfull \hbox (584.22218pt too wide) in paragraph at lines 136--146
 [] 
 []


LaTeX Warning: Reference `chapt:VALIDATIONS' on page 27 undefined on input line
 150.


LaTeX Warning: Reference `chapt:ANALYSIS' on page 27 undefined on input line 15
0.


LaTeX Warning: Reference `chapt:VALIDATION' on page 27 undefined on input line 
173.

) (./Validation/Validation.tex [27] [28]
Chapter 5.

LaTeX Warning: Reference `chapt:ALGORITHM' on page 29 undefined on input line 2
.


LaTeX Warning: Reference `fig:KINGQUEEN' on page 29 undefined on input line 2.


Package natbib Warning: Citation `word2vec' on page 29 undefined on input line 
2.


LaTeX Warning: Reference `tab:COSINESIMS' on page 29 undefined on input line 11
.


LaTeX Warning: Reference `tab:EUCLIDSIMS' on page 29 undefined on input line 11
.


LaTeX Warning: `!h' float specifier changed to `!ht'.


LaTeX Warning: `!h' float specifier changed to `!ht'.

[29

] [30]

LaTeX Warning: Reference `chapt:ALGORITHM' on page 31 undefined on input line 6
8.


LaTeX Warning: Reference `tab:DOCSIMS' on page 31 undefined on input line 69.


Underfull \hbox (badness 10000) in paragraph at lines 77--77
[]\OT1/cmr/m/n/9 Oxidation of
 []


Underfull \hbox (badness 10000) in paragraph at lines 77--77
\OT1/cmr/m/n/9 Poly(dimethylbutadiene)
 []


Underfull \hbox (badness 10000) in paragraph at lines 77--77
[]\OT1/cmr/m/n/9 photochemical re-ac-tion
 []


Underfull \hbox (badness 10000) in paragraph at lines 77--77
\OT1/cmr/m/n/9 of 2-cyanoquinoline 1-
 []


Underfull \hbox (badness 10000) in paragraph at lines 77--77
\OT1/cmr/m/n/9 syn-the-sis of 6-alkoxy-2-
 []


Underfull \hbox (badness 1953) in paragraph at lines 78--79
[]\OT1/cmr/m/n/9 Polymerization of gly-ci-dol
 []


Underfull \hbox (badness 3460) in paragraph at lines 78--79
\OT1/cmr/m/n/9 re-ar-range-ment poly-mer-iza-
 []


Underfull \hbox (badness 10000) in paragraph at lines 79--80
[]\OT1/cmr/m/n/9 Cyclic Acetal-
 []


Underfull \hbox (badness 10000) in paragraph at lines 79--80
\OT1/cmr/m/n/9 Photosensitized Poly-
 []


Underfull \hbox (badness 1231) in paragraph at lines 79--80
\OT1/cmr/m/n/9 mer-iza-tion of Tri-al-lyli-dene
 []


Underfull \hbox (badness 2237) in paragraph at lines 82--83
\OT1/cmr/m/n/9 cationic poly-mer-iza-tion of
 []


Underfull \hbox (badness 10000) in paragraph at lines 84--85
[]\OT1/cmr/m/n/9 Oxidation of
 []


Underfull \hbox (badness 10000) in paragraph at lines 84--85
\OT1/cmr/m/n/9 Poly(dimethylbutadiene)
 []


Underfull \hbox (badness 10000) in paragraph at lines 85--86
[]\OT1/cmr/m/n/9 Photopolymerization
 []


Underfull \hbox (badness 10000) in paragraph at lines 85--86
\OT1/cmr/m/n/9 of Acry-loni-trile:
 []


Underfull \hbox (badness 10000) in paragraph at lines 85--86
\OT1/cmr/m/n/9 Benzophenone-Isopropanol
 []


Underfull \hbox (badness 10000) in paragraph at lines 87--88
[]\OT1/cmr/m/n/9 Aqueous pho-topoly-mer-
 []


Underfull \hbox (badness 10000) in paragraph at lines 87--88
\OT1/cmr/m/n/9 iza-tion with visible-light
 []


Underfull \hbox (badness 10000) in paragraph at lines 87--88
\OT1/cmr/m/n/9 poly-mer-iza-tion pho-toini-ti-
 []


Underfull \hbox (badness 3492) in paragraph at lines 87--88
\OT1/cmr/m/n/9 ated with a phe-nox-azine
 []


Underfull \hbox (badness 1742) in paragraph at lines 88--89
[]\OT1/cmr/m/n/9 An In-ves-ti-ga-tion into the
 []


Underfull \hbox (badness 10000) in paragraph at lines 88--89
\OT1/cmr/m/n/9 Solid-State Be-haviour of
 []


Underfull \hbox (badness 10000) in paragraph at lines 88--89
\OT1/cmr/m/n/9 An-thraquinone and Its
 []


Overfull \hbox (110.17332pt too wide) in paragraph at lines 74--91
 [][] 
 []


LaTeX Warning: Reference `fig:PCA_snap' on page 31 undefined on input line 96.


LaTeX Warning: Reference `fig:TSNE_snap' on page 31 undefined on input line 96.



Package natbib Warning: Citation `scikitlearn' on page 31 undefined on input li
ne 96.

[31] <Validation/pca2.png, id=553, 1010.77625pt x 676.5275pt>
File: Validation/pca2.png Graphic file (type png)

<use Validation/pca2.png>
Package pdftex.def Info: Validation/pca2.png used on input line 101.
(pdftex.def)             Requested size: 204.9466pt x 137.17155pt.

<Validation/tsne2.png, id=554, 1013.7875pt x 680.5425pt>
File: Validation/tsne2.png Graphic file (type png)

<use Validation/tsne2.png>
Package pdftex.def Info: Validation/tsne2.png used on input line 106.
(pdftex.def)             Requested size: 204.9466pt x 137.57025pt.
 [32 <./Validation/pca2.png> <./Validation/tsne2.png>]

Package natbib Warning: Citation `gephi' on page 33 undefined on input line 125
.


LaTeX Warning: Reference `fig:gephi_exp' on page 33 undefined on input line 125
.

<Validation/sample.pdf, id=572, 845.1575pt x 597.23125pt>
File: Validation/sample.pdf Graphic file (type pdf)

<use Validation/sample.pdf>
Package pdftex.def Info: Validation/sample.pdf used on input line 130.
(pdftex.def)             Requested size: 422.57771pt x 298.61488pt.

Overfull \hbox (4.32404pt too wide) in paragraph at lines 130--131
 [][] 
 []

[33]) (./Analysis/Analysis.tex [34 <./Validation/sample.pdf, page is rotated 90
 degrees>]
Chapter 6.

Package natbib Warning: Citation `modularity1' on page 35 undefined on input li
ne 4.


Package natbib Warning: Citation `modularity2' on page 35 undefined on input li
ne 4.

<Analysis/cam.png, id=69678, 3513.125pt x 3513.125pt>
File: Analysis/cam.png Graphic file (type png)
 <use Analysis/cam.png>
Package pdftex.def Info: Analysis/cam.png used on input line 9.
(pdftex.def)             Requested size: 175.66653pt x 175.66653pt.

[35

] <Analysis/comms.png, id=69689, 542.5068pt x 329.0694pt>
File: Analysis/comms.png Graphic file (type png)

<use Analysis/comms.png>
Package pdftex.def Info: Analysis/comms.png used on input line 18.
(pdftex.def)             Requested size: 271.25273pt x 164.53429pt.
 [36 <./Analysis/cam.png>]
Underfull \hbox (badness 10000) in paragraph at lines 38--38
[]\OT1/cmr/m/n/10.95 Systemic in-sec-ti-cides (neon-i-coti-noids and fipronil):

 []


Overfull \hbox (53.65741pt too wide) in paragraph at lines 29--45
 [][] 
 []

[37 <./Analysis/comms.png>]

LaTeX Warning: Reference `tab:com275' on page 38 undefined on input line 47.

[38]
Overfull \hbox (156.06133pt too wide) in paragraph at lines 59--61
\OT1/cmr/m/n/10.95 groups, or po-ten-tially even de-part-ments. To in-ves-ti-ga
te this fur-ther, \OT1/cmtt/m/n/10.95 http://www.ch.cam.ac.uk/publications/auth
ors
 []


LaTeX Warning: Reference `sec:COSINEMAT' on page 39 undefined on input line 62.



Package natbib Warning: Citation `heatmapcluster' on page 39 undefined on input
 line 65.


Package natbib Warning: Citation `seaborn' on page 39 undefined on input line 6
5.


Package natbib Warning: Citation `scipy' on page 39 undefined on input line 65.


<Analysis/authorsims.png, id=69714, 722.7pt x 722.7pt>
File: Analysis/authorsims.png Graphic file (type png)

<use Analysis/authorsims.png>
Package pdftex.def Info: Analysis/authorsims.png used on input line 70.
(pdftex.def)             Requested size: 505.88655pt x 505.88655pt.

Overfull \hbox (87.63287pt too wide) in paragraph at lines 70--71
 [][] 
 []

[39] [40 <./Analysis/authorsims.png>]
<Analysis/dendro.png, id=69729, 445.97816pt x 508.564pt>
File: Analysis/dendro.png Graphic file (type png)

<use Analysis/dendro.png>
Package pdftex.def Info: Analysis/dendro.png used on input line 79.
(pdftex.def)             Requested size: 356.783pt x 406.85175pt.
 [41 <./Analysis/dendro.png>])
(./Conclusions/Conclusions.tex [42]
Chapter 7.
) (./Recommendations/Recommendations.tex [43

]
Chapter 8.
) (./Dissertation.bbl [44

]
Underfull \hbox (badness 1184) in paragraph at lines 80--83
[]\OT1/cmr/m/n/10.95 Mike Wal-lace.  \OT1/cmr/m/it/10.95 Jaw-bone Java Word-Net
 API\OT1/cmr/m/n/10.95 , 2007.  URL []$\OT1/cmtt/m/n/10.95 http : / / mfwallace
 .
 []

[45

]) (./Appendix/Appendix.tex [46]
Chapter 9.

Overfull \hbox (388.03348pt too wide) in paragraph at lines 3--44
[] 
 []

[47

]
Overfull \vbox (41.01297pt too high) has occurred while \output is active []


[48])

Package natbib Warning: There were undefined citations.

Package atveryend Info: Empty hook `BeforeClearDocument' on input line 53.

Overfull \hbox (541.97713pt too wide) in paragraph at lines 45--53
[][]
 []


Underfull \hbox (badness 10000) in paragraph at lines 45--53

 []

[49]
Package atveryend Info: Empty hook `AfterLastShipout' on input line 53.
 (./Dissertation.aux)
Package atveryend Info: Executing hook `AtVeryEndDocument' on input line 53.
Package atveryend Info: Executing hook `AtEndAfterFileList' on input line 53.


Package rerunfilecheck Warning: File `Dissertation.out' has changed.
(rerunfilecheck)                Rerun to get outlines right
(rerunfilecheck)                or use package `bookmark'.

Package rerunfilecheck Info: Checksums for `Dissertation.out':
(rerunfilecheck)             Before: 0A467A6AA3CA13826BF10BAF48DD9827;636
(rerunfilecheck)             After:  28B98412B9DD6EB21E6B3506E0C2ED4A;3005.

LaTeX Font Warning: Some font shapes were not available, defaults substituted.


LaTeX Warning: There were undefined references.


LaTeX Warning: Label(s) may have changed. Rerun to get cross-references right.

Package atveryend Info: Empty hook `AtVeryVeryEnd' on input line 53.
 ) 
Here is how much of TeX's memory you used:
 7162 strings out of 493117
 106395 string characters out of 6135432
 214692 words of memory out of 5000000
 10268 multiletter control sequences out of 15000+600000
 15900 words of font info for 60 fonts, out of 8000000 for 9000
 1141 hyphenation exceptions out of 8191
 29i,10n,28p,931b,485s stack positions out of 5000i,500n,10000p,200000b,80000s
pdfTeX warning (dest): name{figure.1.4} has been referenced but does not exis
t, replaced by a fixed one

pdfTeX warning (dest): name{figure.1.3} has been referenced but does not exist,
 replaced by a fixed one

pdfTeX warning (dest): name{figure.1.2} has been referenced but does not exist,
 replaced by a fixed one

pdfTeX warning (dest): name{figure.1.1} has been referenced but does not exist,
 replaced by a fixed one

pdfTeX warning (dest): name{chapter*.3} has been referenced but does not exist,
 replaced by a fixed one

</usr/local/texlive/2014/texmf-dist/fonts/type1/public/amsfonts/cm/cmbx10.pfb><
/usr/local/texlive/2014/texmf-dist/fonts/type1/public/amsfonts/cm/cmbx12.pfb></
usr/local/texlive/2014/texmf-dist/fonts/type1/public/amsfonts/cm/cmbx8.pfb></us
r/local/texlive/2014/texmf-dist/fonts/type1/public/amsfonts/cm/cmbx9.pfb></usr/
local/texlive/2014/texmf-dist/fonts/type1/public/amsfonts/cm/cmex10.pfb></usr/l
ocal/texlive/2014/texmf-dist/fonts/type1/public/amsfonts/cmextra/cmex8.pfb></us
r/local/texlive/2014/texmf-dist/fonts/type1/public/amsfonts/cm/cmmi10.pfb></usr
/local/texlive/2014/texmf-dist/fonts/type1/public/amsfonts/cm/cmmi6.pfb></usr/l
ocal/texlive/2014/texmf-dist/fonts/type1/public/amsfonts/cm/cmmi8.pfb></usr/loc
al/texlive/2014/texmf-dist/fonts/type1/public/amsfonts/cm/cmr10.pfb></usr/local
/texlive/2014/texmf-dist/fonts/type1/public/amsfonts/cm/cmr12.pfb></usr/local/t
exlive/2014/texmf-dist/fonts/type1/public/amsfonts/cm/cmr17.pfb></usr/local/tex
live/2014/texmf-dist/fonts/type1/public/amsfonts/cm/cmr6.pfb></usr/local/texliv
e/2014/texmf-dist/fonts/type1/public/amsfonts/cm/cmr8.pfb></usr/local/texlive/2
014/texmf-dist/fonts/type1/public/amsfonts/cm/cmr9.pfb></usr/local/texlive/2014
/texmf-dist/fonts/type1/public/amsfonts/cm/cmsy10.pfb></usr/local/texlive/2014/
texmf-dist/fonts/type1/public/amsfonts/cm/cmsy6.pfb></usr/local/texlive/2014/te
xmf-dist/fonts/type1/public/amsfonts/cm/cmsy8.pfb></usr/local/texlive/2014/texm
f-dist/fonts/type1/public/amsfonts/cm/cmsy9.pfb></usr/local/texlive/2014/texmf-
dist/fonts/type1/public/amsfonts/cm/cmti10.pfb></usr/local/texlive/2014/texmf-d
ist/fonts/type1/public/amsfonts/cm/cmtt10.pfb></usr/local/texlive/2014/texmf-di
st/fonts/type1/public/amsfonts/symbols/msam10.pfb>
Output written on Dissertation.pdf (51 pages, 18632842 bytes).
PDF statistics:
 69979 PDF objects out of 79402 (max. 8388607)
 69125 compressed objects within 692 object streams
 194 named destinations out of 1000 (max. 500000)
 191 words of extra memory for PDF output out of 10000 (max. 10000000)

